{"C:\\Users\\neubr\\Documents\\hacktiv8\\phase2\\challanges\\be-news-app\\gc01-neubri\\app.js": {"path":"C:\\Users\\neubr\\Documents\\hacktiv8\\phase2\\challanges\\be-news-app\\gc01-neubri\\app.js","statementMap":{"0":{"start":{"line":1,"column":0},"end":{"line":3,"column":1}},"1":{"start":{"line":2,"column":2},"end":{"line":2,"column":29}},"2":{"start":{"line":5,"column":13},"end":{"line":5,"column":28}},"3":{"start":{"line":6,"column":16},"end":{"line":6,"column":34}},"4":{"start":{"line":7,"column":15},"end":{"line":7,"column":32}},"5":{"start":{"line":9,"column":23},"end":{"line":9,"column":62}},"6":{"start":{"line":10,"column":23},"end":{"line":10,"column":62}},"7":{"start":{"line":11,"column":26},"end":{"line":11,"column":68}},"8":{"start":{"line":12,"column":27},"end":{"line":12,"column":70}},"9":{"start":{"line":13,"column":22},"end":{"line":13,"column":60}},"10":{"start":{"line":14,"column":21},"end":{"line":14,"column":58}},"11":{"start":{"line":15,"column":23},"end":{"line":15,"column":62}},"12":{"start":{"line":16,"column":36},"end":{"line":16,"column":74}},"13":{"start":{"line":18,"column":12},"end":{"line":18,"column":21}},"14":{"start":{"line":19,"column":15},"end":{"line":19,"column":58}},"15":{"start":{"line":21,"column":0},"end":{"line":21,"column":16}},"16":{"start":{"line":22,"column":0},"end":{"line":22,"column":48}},"17":{"start":{"line":23,"column":0},"end":{"line":23,"column":24}},"18":{"start":{"line":25,"column":0},"end":{"line":25,"column":37}},"19":{"start":{"line":30,"column":0},"end":{"line":30,"column":41}},"20":{"start":{"line":31,"column":0},"end":{"line":31,"column":71}},"21":{"start":{"line":34,"column":22},"end":{"line":34,"column":38}},"22":{"start":{"line":35,"column":23},"end":{"line":35,"column":39}},"23":{"start":{"line":36,"column":18},"end":{"line":36,"column":34}},"24":{"start":{"line":40,"column":0},"end":{"line":40,"column":34}},"25":{"start":{"line":44,"column":0},"end":{"line":44,"column":53}},"26":{"start":{"line":45,"column":0},"end":{"line":45,"column":57}},"27":{"start":{"line":46,"column":0},"end":{"line":46,"column":60}},"28":{"start":{"line":47,"column":0},"end":{"line":47,"column":79}},"29":{"start":{"line":48,"column":0},"end":{"line":52,"column":2}},"30":{"start":{"line":56,"column":0},"end":{"line":61,"column":2}},"31":{"start":{"line":64,"column":0},"end":{"line":64,"column":56}},"32":{"start":{"line":65,"column":0},"end":{"line":65,"column":60}},"33":{"start":{"line":66,"column":0},"end":{"line":66,"column":66}},"34":{"start":{"line":69,"column":0},"end":{"line":69,"column":53}},"35":{"start":{"line":70,"column":0},"end":{"line":70,"column":56}},"36":{"start":{"line":71,"column":0},"end":{"line":71,"column":61}},"37":{"start":{"line":73,"column":0},"end":{"line":73,"column":36}},"38":{"start":{"line":74,"column":0},"end":{"line":74,"column":39}},"39":{"start":{"line":75,"column":0},"end":{"line":75,"column":27}},"40":{"start":{"line":78,"column":0},"end":{"line":78,"column":22}},"41":{"start":{"line":80,"column":0},"end":{"line":80,"column":21}}},"fnMap":{},"branchMap":{"0":{"loc":{"start":{"line":1,"column":0},"end":{"line":3,"column":1}},"type":"if","locations":[{"start":{"line":1,"column":0},"end":{"line":3,"column":1}},{"start":{},"end":{}}],"line":1}},"s":{"0":2,"1":2,"2":2,"3":2,"4":2,"5":2,"6":2,"7":2,"8":2,"9":2,"10":2,"11":2,"12":2,"13":2,"14":2,"15":2,"16":2,"17":2,"18":2,"19":2,"20":2,"21":2,"22":2,"23":2,"24":2,"25":2,"26":2,"27":2,"28":2,"29":2,"30":2,"31":2,"32":2,"33":2,"34":2,"35":2,"36":2,"37":2,"38":2,"39":2,"40":2,"41":2},"f":{},"b":{"0":[2,0]},"_coverageSchema":"1a1c01bbd47fc00a2c39e90264f33305004495a9","hash":"158e2f368c5d374923a90377181cab3c823baa00"}
,"C:\\Users\\neubr\\Documents\\hacktiv8\\phase2\\challanges\\be-news-app\\gc01-neubri\\controllers\\ArticleController.js": {"path":"C:\\Users\\neubr\\Documents\\hacktiv8\\phase2\\challanges\\be-news-app\\gc01-neubri\\controllers\\ArticleController.js","statementMap":{"0":{"start":{"line":1,"column":20},"end":{"line":1,"column":40}},"1":{"start":{"line":2,"column":19},"end":{"line":2,"column":43}},"2":{"start":{"line":3,"column":15},"end":{"line":3,"column":35}},"3":{"start":{"line":6,"column":0},"end":{"line":178,"column":1}},"4":{"start":{"line":8,"column":4},"end":{"line":24,"column":5}},"5":{"start":{"line":9,"column":21},"end":{"line":9,"column":32}},"6":{"start":{"line":10,"column":53},"end":{"line":10,"column":61}},"7":{"start":{"line":13,"column":20},"end":{"line":19,"column":6}},"8":{"start":{"line":21,"column":6},"end":{"line":21,"column":35}},"9":{"start":{"line":23,"column":7},"end":{"line":23,"column":16}},"10":{"start":{"line":28,"column":4},"end":{"line":81,"column":5}},"11":{"start":{"line":29,"column":6},"end":{"line":29,"column":29}},"12":{"start":{"line":30,"column":39},"end":{"line":30,"column":48}},"13":{"start":{"line":32,"column":20},"end":{"line":32,"column":22}},"14":{"start":{"line":35,"column":6},"end":{"line":37,"column":7}},"15":{"start":{"line":36,"column":8},"end":{"line":36,"column":34}},"16":{"start":{"line":40,"column":6},"end":{"line":44,"column":7}},"17":{"start":{"line":41,"column":8},"end":{"line":43,"column":10}},"18":{"start":{"line":46,"column":29},"end":{"line":46,"column":38}},"19":{"start":{"line":49,"column":6},"end":{"line":53,"column":7}},"20":{"start":{"line":50,"column":25},"end":{"line":50,"column":57}},"21":{"start":{"line":51,"column":27},"end":{"line":51,"column":69}},"22":{"start":{"line":52,"column":8},"end":{"line":52,"column":56}},"23":{"start":{"line":56,"column":18},"end":{"line":56,"column":20}},"24":{"start":{"line":57,"column":23},"end":{"line":57,"column":24}},"25":{"start":{"line":60,"column":6},"end":{"line":62,"column":7}},"26":{"start":{"line":61,"column":8},"end":{"line":61,"column":41}},"27":{"start":{"line":63,"column":6},"end":{"line":63,"column":35}},"28":{"start":{"line":65,"column":6},"end":{"line":67,"column":7}},"29":{"start":{"line":66,"column":8},"end":{"line":66,"column":48}},"30":{"start":{"line":68,"column":6},"end":{"line":68,"column":55}},"31":{"start":{"line":70,"column":30},"end":{"line":70,"column":75}},"32":{"start":{"line":72,"column":6},"end":{"line":78,"column":9}},"33":{"start":{"line":80,"column":6},"end":{"line":80,"column":15}},"34":{"start":{"line":85,"column":4},"end":{"line":97,"column":5}},"35":{"start":{"line":86,"column":24},"end":{"line":86,"column":38}},"36":{"start":{"line":88,"column":22},"end":{"line":88,"column":55}},"37":{"start":{"line":90,"column":6},"end":{"line":92,"column":7}},"38":{"start":{"line":91,"column":8},"end":{"line":91,"column":87}},"39":{"start":{"line":94,"column":6},"end":{"line":94,"column":23}},"40":{"start":{"line":96,"column":6},"end":{"line":96,"column":15}},"41":{"start":{"line":101,"column":4},"end":{"line":117,"column":5}},"42":{"start":{"line":102,"column":24},"end":{"line":102,"column":38}},"43":{"start":{"line":104,"column":22},"end":{"line":104,"column":55}},"44":{"start":{"line":106,"column":6},"end":{"line":108,"column":7}},"45":{"start":{"line":107,"column":8},"end":{"line":107,"column":86}},"46":{"start":{"line":111,"column":6},"end":{"line":111,"column":36}},"47":{"start":{"line":113,"column":6},"end":{"line":113,"column":75}},"48":{"start":{"line":116,"column":6},"end":{"line":116,"column":15}},"49":{"start":{"line":121,"column":4},"end":{"line":135,"column":5}},"50":{"start":{"line":122,"column":24},"end":{"line":122,"column":38}},"51":{"start":{"line":124,"column":22},"end":{"line":124,"column":55}},"52":{"start":{"line":126,"column":6},"end":{"line":128,"column":7}},"53":{"start":{"line":127,"column":8},"end":{"line":127,"column":87}},"54":{"start":{"line":130,"column":6},"end":{"line":130,"column":29}},"55":{"start":{"line":132,"column":6},"end":{"line":132,"column":75}},"56":{"start":{"line":134,"column":6},"end":{"line":134,"column":15}},"57":{"start":{"line":139,"column":4},"end":{"line":176,"column":5}},"58":{"start":{"line":140,"column":24},"end":{"line":140,"column":38}},"59":{"start":{"line":142,"column":22},"end":{"line":142,"column":55}},"60":{"start":{"line":144,"column":6},"end":{"line":146,"column":7}},"61":{"start":{"line":145,"column":8},"end":{"line":145,"column":86}},"62":{"start":{"line":148,"column":6},"end":{"line":150,"column":7}},"63":{"start":{"line":149,"column":8},"end":{"line":149,"column":74}},"64":{"start":{"line":153,"column":28},"end":{"line":162,"column":8}},"65":{"start":{"line":154,"column":8},"end":{"line":161,"column":32}},"66":{"start":{"line":158,"column":8},"end":{"line":158,"column":37}},"67":{"start":{"line":164,"column":21},"end":{"line":164,"column":40}},"68":{"start":{"line":169,"column":6},"end":{"line":169,"column":57}},"69":{"start":{"line":171,"column":6},"end":{"line":171,"column":86}},"70":{"start":{"line":175,"column":6},"end":{"line":175,"column":15}}},"fnMap":{"0":{"name":"(anonymous_0)","decl":{"start":{"line":7,"column":2},"end":{"line":7,"column":3}},"loc":{"start":{"line":7,"column":45},"end":{"line":25,"column":3}},"line":7},"1":{"name":"(anonymous_1)","decl":{"start":{"line":27,"column":2},"end":{"line":27,"column":3}},"loc":{"start":{"line":27,"column":42},"end":{"line":82,"column":3}},"line":27},"2":{"name":"(anonymous_2)","decl":{"start":{"line":84,"column":2},"end":{"line":84,"column":3}},"loc":{"start":{"line":84,"column":46},"end":{"line":98,"column":3}},"line":84},"3":{"name":"(anonymous_3)","decl":{"start":{"line":100,"column":2},"end":{"line":100,"column":3}},"loc":{"start":{"line":100,"column":48},"end":{"line":118,"column":3}},"line":100},"4":{"name":"(anonymous_4)","decl":{"start":{"line":120,"column":2},"end":{"line":120,"column":3}},"loc":{"start":{"line":120,"column":48},"end":{"line":136,"column":3}},"line":120},"5":{"name":"(anonymous_5)","decl":{"start":{"line":138,"column":2},"end":{"line":138,"column":3}},"loc":{"start":{"line":138,"column":56},"end":{"line":177,"column":3}},"line":138},"6":{"name":"(anonymous_6)","decl":{"start":{"line":153,"column":40},"end":{"line":153,"column":41}},"loc":{"start":{"line":153,"column":53},"end":{"line":162,"column":7}},"line":153},"7":{"name":"(anonymous_7)","decl":{"start":{"line":154,"column":42},"end":{"line":154,"column":43}},"loc":{"start":{"line":154,"column":67},"end":{"line":161,"column":9}},"line":154}},"branchMap":{"0":{"loc":{"start":{"line":35,"column":6},"end":{"line":37,"column":7}},"type":"if","locations":[{"start":{"line":35,"column":6},"end":{"line":37,"column":7}},{"start":{},"end":{}}],"line":35},"1":{"loc":{"start":{"line":40,"column":6},"end":{"line":44,"column":7}},"type":"if","locations":[{"start":{"line":40,"column":6},"end":{"line":44,"column":7}},{"start":{},"end":{}}],"line":40},"2":{"loc":{"start":{"line":49,"column":6},"end":{"line":53,"column":7}},"type":"if","locations":[{"start":{"line":49,"column":6},"end":{"line":53,"column":7}},{"start":{},"end":{}}],"line":49},"3":{"loc":{"start":{"line":50,"column":25},"end":{"line":50,"column":57}},"type":"cond-expr","locations":[{"start":{"line":50,"column":43},"end":{"line":50,"column":49}},{"start":{"line":50,"column":52},"end":{"line":50,"column":57}}],"line":50},"4":{"loc":{"start":{"line":51,"column":27},"end":{"line":51,"column":69}},"type":"cond-expr","locations":[{"start":{"line":51,"column":49},"end":{"line":51,"column":62}},{"start":{"line":51,"column":65},"end":{"line":51,"column":69}}],"line":51},"5":{"loc":{"start":{"line":60,"column":6},"end":{"line":62,"column":7}},"type":"if","locations":[{"start":{"line":60,"column":6},"end":{"line":62,"column":7}},{"start":{},"end":{}}],"line":60},"6":{"loc":{"start":{"line":65,"column":6},"end":{"line":67,"column":7}},"type":"if","locations":[{"start":{"line":65,"column":6},"end":{"line":67,"column":7}},{"start":{},"end":{}}],"line":65},"7":{"loc":{"start":{"line":90,"column":6},"end":{"line":92,"column":7}},"type":"if","locations":[{"start":{"line":90,"column":6},"end":{"line":92,"column":7}},{"start":{},"end":{}}],"line":90},"8":{"loc":{"start":{"line":106,"column":6},"end":{"line":108,"column":7}},"type":"if","locations":[{"start":{"line":106,"column":6},"end":{"line":108,"column":7}},{"start":{},"end":{}}],"line":106},"9":{"loc":{"start":{"line":126,"column":6},"end":{"line":128,"column":7}},"type":"if","locations":[{"start":{"line":126,"column":6},"end":{"line":128,"column":7}},{"start":{},"end":{}}],"line":126},"10":{"loc":{"start":{"line":144,"column":6},"end":{"line":146,"column":7}},"type":"if","locations":[{"start":{"line":144,"column":6},"end":{"line":146,"column":7}},{"start":{},"end":{}}],"line":144},"11":{"loc":{"start":{"line":148,"column":6},"end":{"line":150,"column":7}},"type":"if","locations":[{"start":{"line":148,"column":6},"end":{"line":150,"column":7}},{"start":{},"end":{}}],"line":148}},"s":{"0":2,"1":2,"2":2,"3":2,"4":2,"5":2,"6":2,"7":2,"8":1,"9":1,"10":0,"11":0,"12":0,"13":0,"14":0,"15":0,"16":0,"17":0,"18":0,"19":0,"20":0,"21":0,"22":0,"23":0,"24":0,"25":0,"26":0,"27":0,"28":0,"29":0,"30":0,"31":0,"32":0,"33":0,"34":0,"35":0,"36":0,"37":0,"38":0,"39":0,"40":0,"41":3,"42":3,"43":3,"44":3,"45":1,"46":2,"47":1,"48":2,"49":2,"50":2,"51":2,"52":2,"53":1,"54":1,"55":1,"56":1,"57":0,"58":0,"59":0,"60":0,"61":0,"62":0,"63":0,"64":0,"65":0,"66":0,"67":0,"68":0,"69":0,"70":0},"f":{"0":2,"1":0,"2":0,"3":3,"4":2,"5":0,"6":0,"7":0},"b":{"0":[0,0],"1":[0,0],"2":[0,0],"3":[0,0],"4":[0,0],"5":[0,0],"6":[0,0],"7":[0,0],"8":[1,2],"9":[1,1],"10":[0,0],"11":[0,0]},"_coverageSchema":"1a1c01bbd47fc00a2c39e90264f33305004495a9","hash":"8ae4a966fa1de47f5b24d9e0bc2bbdccf4554270"}
,"C:\\Users\\neubr\\Documents\\hacktiv8\\phase2\\challanges\\be-news-app\\gc01-neubri\\controllers\\CategoryController.js": {"path":"C:\\Users\\neubr\\Documents\\hacktiv8\\phase2\\challanges\\be-news-app\\gc01-neubri\\controllers\\CategoryController.js","statementMap":{"0":{"start":{"line":1,"column":21},"end":{"line":1,"column":41}},"1":{"start":{"line":3,"column":0},"end":{"line":43,"column":1}},"2":{"start":{"line":5,"column":4},"end":{"line":11,"column":5}},"3":{"start":{"line":6,"column":23},"end":{"line":6,"column":54}},"4":{"start":{"line":8,"column":6},"end":{"line":8,"column":36}},"5":{"start":{"line":10,"column":6},"end":{"line":10,"column":15}},"6":{"start":{"line":16,"column":4},"end":{"line":22,"column":5}},"7":{"start":{"line":17,"column":23},"end":{"line":17,"column":47}},"8":{"start":{"line":19,"column":6},"end":{"line":19,"column":24}},"9":{"start":{"line":21,"column":6},"end":{"line":21,"column":15}},"10":{"start":{"line":26,"column":4},"end":{"line":40,"column":5}},"11":{"start":{"line":27,"column":25},"end":{"line":27,"column":39}},"12":{"start":{"line":29,"column":23},"end":{"line":29,"column":58}},"13":{"start":{"line":31,"column":6},"end":{"line":33,"column":7}},"14":{"start":{"line":32,"column":8},"end":{"line":32,"column":88}},"15":{"start":{"line":35,"column":6},"end":{"line":35,"column":37}},"16":{"start":{"line":37,"column":6},"end":{"line":37,"column":80}},"17":{"start":{"line":39,"column":6},"end":{"line":39,"column":15}}},"fnMap":{"0":{"name":"(anonymous_0)","decl":{"start":{"line":4,"column":2},"end":{"line":4,"column":3}},"loc":{"start":{"line":4,"column":46},"end":{"line":12,"column":3}},"line":4},"1":{"name":"(anonymous_1)","decl":{"start":{"line":15,"column":2},"end":{"line":15,"column":3}},"loc":{"start":{"line":15,"column":43},"end":{"line":23,"column":3}},"line":15},"2":{"name":"(anonymous_2)","decl":{"start":{"line":25,"column":2},"end":{"line":25,"column":3}},"loc":{"start":{"line":25,"column":50},"end":{"line":41,"column":3}},"line":25}},"branchMap":{"0":{"loc":{"start":{"line":31,"column":6},"end":{"line":33,"column":7}},"type":"if","locations":[{"start":{"line":31,"column":6},"end":{"line":33,"column":7}},{"start":{},"end":{}}],"line":31}},"s":{"0":2,"1":2,"2":0,"3":0,"4":0,"5":0,"6":0,"7":0,"8":0,"9":0,"10":0,"11":0,"12":0,"13":0,"14":0,"15":0,"16":0,"17":0},"f":{"0":0,"1":0,"2":0},"b":{"0":[0,0]},"_coverageSchema":"1a1c01bbd47fc00a2c39e90264f33305004495a9","hash":"d26bc0af8806d199a0529a385a98719d3fb176e4"}
,"C:\\Users\\neubr\\Documents\\hacktiv8\\phase2\\challanges\\be-news-app\\gc01-neubri\\controllers\\PubController.js": {"path":"C:\\Users\\neubr\\Documents\\hacktiv8\\phase2\\challanges\\be-news-app\\gc01-neubri\\controllers\\PubController.js","statementMap":{"0":{"start":{"line":1,"column":30},"end":{"line":1,"column":50}},"1":{"start":{"line":2,"column":15},"end":{"line":2,"column":35}},"2":{"start":{"line":4,"column":0},"end":{"line":148,"column":2}},"3":{"start":{"line":7,"column":4},"end":{"line":117,"column":5}},"4":{"start":{"line":8,"column":6},"end":{"line":8,"column":29}},"5":{"start":{"line":9,"column":39},"end":{"line":9,"column":48}},"6":{"start":{"line":11,"column":20},"end":{"line":11,"column":22}},"7":{"start":{"line":14,"column":6},"end":{"line":16,"column":7}},"8":{"start":{"line":15,"column":8},"end":{"line":15,"column":34}},"9":{"start":{"line":19,"column":6},"end":{"line":23,"column":7}},"10":{"start":{"line":20,"column":8},"end":{"line":22,"column":10}},"11":{"start":{"line":25,"column":29},"end":{"line":25,"column":38}},"12":{"start":{"line":30,"column":6},"end":{"line":34,"column":7}},"13":{"start":{"line":31,"column":25},"end":{"line":31,"column":57}},"14":{"start":{"line":32,"column":27},"end":{"line":32,"column":69}},"15":{"start":{"line":33,"column":8},"end":{"line":33,"column":56}},"16":{"start":{"line":37,"column":18},"end":{"line":37,"column":20}},"17":{"start":{"line":38,"column":23},"end":{"line":38,"column":24}},"18":{"start":{"line":41,"column":6},"end":{"line":43,"column":7}},"19":{"start":{"line":42,"column":8},"end":{"line":42,"column":41}},"20":{"start":{"line":44,"column":6},"end":{"line":44,"column":35}},"21":{"start":{"line":46,"column":6},"end":{"line":48,"column":7}},"22":{"start":{"line":47,"column":8},"end":{"line":47,"column":48}},"23":{"start":{"line":49,"column":6},"end":{"line":49,"column":55}},"24":{"start":{"line":51,"column":30},"end":{"line":51,"column":75}},"25":{"start":{"line":53,"column":6},"end":{"line":59,"column":9}},"26":{"start":{"line":116,"column":6},"end":{"line":116,"column":16}},"27":{"start":{"line":121,"column":4},"end":{"line":127,"column":5}},"28":{"start":{"line":122,"column":23},"end":{"line":122,"column":47}},"29":{"start":{"line":124,"column":6},"end":{"line":124,"column":24}},"30":{"start":{"line":126,"column":6},"end":{"line":126,"column":15}},"31":{"start":{"line":131,"column":4},"end":{"line":146,"column":5}},"32":{"start":{"line":132,"column":24},"end":{"line":132,"column":38}},"33":{"start":{"line":134,"column":22},"end":{"line":134,"column":55}},"34":{"start":{"line":136,"column":6},"end":{"line":141,"column":7}},"35":{"start":{"line":137,"column":8},"end":{"line":140,"column":10}},"36":{"start":{"line":143,"column":6},"end":{"line":143,"column":24}},"37":{"start":{"line":145,"column":6},"end":{"line":145,"column":16}}},"fnMap":{"0":{"name":"(anonymous_0)","decl":{"start":{"line":6,"column":2},"end":{"line":6,"column":3}},"loc":{"start":{"line":6,"column":42},"end":{"line":118,"column":3}},"line":6},"1":{"name":"(anonymous_1)","decl":{"start":{"line":120,"column":2},"end":{"line":120,"column":3}},"loc":{"start":{"line":120,"column":43},"end":{"line":128,"column":3}},"line":120},"2":{"name":"(anonymous_2)","decl":{"start":{"line":130,"column":2},"end":{"line":130,"column":3}},"loc":{"start":{"line":130,"column":46},"end":{"line":147,"column":3}},"line":130}},"branchMap":{"0":{"loc":{"start":{"line":14,"column":6},"end":{"line":16,"column":7}},"type":"if","locations":[{"start":{"line":14,"column":6},"end":{"line":16,"column":7}},{"start":{},"end":{}}],"line":14},"1":{"loc":{"start":{"line":19,"column":6},"end":{"line":23,"column":7}},"type":"if","locations":[{"start":{"line":19,"column":6},"end":{"line":23,"column":7}},{"start":{},"end":{}}],"line":19},"2":{"loc":{"start":{"line":30,"column":6},"end":{"line":34,"column":7}},"type":"if","locations":[{"start":{"line":30,"column":6},"end":{"line":34,"column":7}},{"start":{},"end":{}}],"line":30},"3":{"loc":{"start":{"line":31,"column":25},"end":{"line":31,"column":57}},"type":"cond-expr","locations":[{"start":{"line":31,"column":43},"end":{"line":31,"column":49}},{"start":{"line":31,"column":52},"end":{"line":31,"column":57}}],"line":31},"4":{"loc":{"start":{"line":32,"column":27},"end":{"line":32,"column":69}},"type":"cond-expr","locations":[{"start":{"line":32,"column":49},"end":{"line":32,"column":62}},{"start":{"line":32,"column":65},"end":{"line":32,"column":69}}],"line":32},"5":{"loc":{"start":{"line":41,"column":6},"end":{"line":43,"column":7}},"type":"if","locations":[{"start":{"line":41,"column":6},"end":{"line":43,"column":7}},{"start":{},"end":{}}],"line":41},"6":{"loc":{"start":{"line":46,"column":6},"end":{"line":48,"column":7}},"type":"if","locations":[{"start":{"line":46,"column":6},"end":{"line":48,"column":7}},{"start":{},"end":{}}],"line":46},"7":{"loc":{"start":{"line":136,"column":6},"end":{"line":141,"column":7}},"type":"if","locations":[{"start":{"line":136,"column":6},"end":{"line":141,"column":7}},{"start":{},"end":{}}],"line":136}},"s":{"0":2,"1":2,"2":2,"3":3,"4":3,"5":3,"6":3,"7":3,"8":1,"9":3,"10":0,"11":3,"12":3,"13":0,"14":0,"15":0,"16":3,"17":3,"18":3,"19":1,"20":3,"21":3,"22":1,"23":3,"24":3,"25":3,"26":0,"27":0,"28":0,"29":0,"30":0,"31":2,"32":2,"33":2,"34":2,"35":1,"36":1,"37":1},"f":{"0":3,"1":0,"2":2},"b":{"0":[1,2],"1":[0,3],"2":[0,3],"3":[0,0],"4":[0,0],"5":[1,2],"6":[1,2],"7":[1,1]},"_coverageSchema":"1a1c01bbd47fc00a2c39e90264f33305004495a9","hash":"fb65a0310fb3adbefcc63ecf4e65c564393409ca"}
,"C:\\Users\\neubr\\Documents\\hacktiv8\\phase2\\challanges\\be-news-app\\gc01-neubri\\controllers\\TestController.js": {"path":"C:\\Users\\neubr\\Documents\\hacktiv8\\phase2\\challanges\\be-news-app\\gc01-neubri\\controllers\\TestController.js","statementMap":{"0":{"start":{"line":1,"column":0},"end":{"line":27,"column":1}},"1":{"start":{"line":3,"column":4},"end":{"line":25,"column":7}}},"fnMap":{"0":{"name":"(anonymous_0)","decl":{"start":{"line":2,"column":2},"end":{"line":2,"column":3}},"loc":{"start":{"line":2,"column":27},"end":{"line":26,"column":3}},"line":2}},"branchMap":{},"s":{"0":2,"1":0},"f":{"0":0},"b":{},"_coverageSchema":"1a1c01bbd47fc00a2c39e90264f33305004495a9","hash":"3470234fe540dbb9d094ab5674da77074dfd822e"}
,"C:\\Users\\neubr\\Documents\\hacktiv8\\phase2\\challanges\\be-news-app\\gc01-neubri\\controllers\\UserController.js": {"path":"C:\\Users\\neubr\\Documents\\hacktiv8\\phase2\\challanges\\be-news-app\\gc01-neubri\\controllers\\UserController.js","statementMap":{"0":{"start":{"line":1,"column":28},"end":{"line":1,"column":56}},"1":{"start":{"line":2,"column":22},"end":{"line":2,"column":47}},"2":{"start":{"line":3,"column":17},"end":{"line":3,"column":37}},"3":{"start":{"line":5,"column":0},"end":{"line":73,"column":1}},"4":{"start":{"line":7,"column":4},"end":{"line":28,"column":5}},"5":{"start":{"line":9,"column":56},"end":{"line":9,"column":64}},"6":{"start":{"line":12,"column":19},"end":{"line":17,"column":8}},"7":{"start":{"line":20,"column":24},"end":{"line":20,"column":37}},"8":{"start":{"line":21,"column":6},"end":{"line":21,"column":31}},"9":{"start":{"line":24,"column":6},"end":{"line":24,"column":37}},"10":{"start":{"line":27,"column":6},"end":{"line":27,"column":15}},"11":{"start":{"line":32,"column":4},"end":{"line":71,"column":5}},"12":{"start":{"line":34,"column":34},"end":{"line":34,"column":42}},"13":{"start":{"line":37,"column":6},"end":{"line":39,"column":7}},"14":{"start":{"line":38,"column":8},"end":{"line":38,"column":66}},"15":{"start":{"line":40,"column":6},"end":{"line":42,"column":7}},"16":{"start":{"line":41,"column":8},"end":{"line":41,"column":69}},"17":{"start":{"line":45,"column":19},"end":{"line":47,"column":8}},"18":{"start":{"line":51,"column":6},"end":{"line":53,"column":7}},"19":{"start":{"line":52,"column":8},"end":{"line":52,"column":73}},"20":{"start":{"line":55,"column":30},"end":{"line":55,"column":70}},"21":{"start":{"line":57,"column":6},"end":{"line":59,"column":7}},"22":{"start":{"line":58,"column":8},"end":{"line":58,"column":73}},"23":{"start":{"line":61,"column":27},"end":{"line":61,"column":53}},"24":{"start":{"line":64,"column":24},"end":{"line":64,"column":37}},"25":{"start":{"line":65,"column":6},"end":{"line":65,"column":31}},"26":{"start":{"line":67,"column":6},"end":{"line":67,"column":61}},"27":{"start":{"line":70,"column":6},"end":{"line":70,"column":15}}},"fnMap":{"0":{"name":"(anonymous_0)","decl":{"start":{"line":6,"column":2},"end":{"line":6,"column":3}},"loc":{"start":{"line":6,"column":39},"end":{"line":29,"column":3}},"line":6},"1":{"name":"(anonymous_1)","decl":{"start":{"line":31,"column":2},"end":{"line":31,"column":3}},"loc":{"start":{"line":31,"column":37},"end":{"line":72,"column":3}},"line":31}},"branchMap":{"0":{"loc":{"start":{"line":37,"column":6},"end":{"line":39,"column":7}},"type":"if","locations":[{"start":{"line":37,"column":6},"end":{"line":39,"column":7}},{"start":{},"end":{}}],"line":37},"1":{"loc":{"start":{"line":40,"column":6},"end":{"line":42,"column":7}},"type":"if","locations":[{"start":{"line":40,"column":6},"end":{"line":42,"column":7}},{"start":{},"end":{}}],"line":40},"2":{"loc":{"start":{"line":51,"column":6},"end":{"line":53,"column":7}},"type":"if","locations":[{"start":{"line":51,"column":6},"end":{"line":53,"column":7}},{"start":{},"end":{}}],"line":51},"3":{"loc":{"start":{"line":57,"column":6},"end":{"line":59,"column":7}},"type":"if","locations":[{"start":{"line":57,"column":6},"end":{"line":59,"column":7}},{"start":{},"end":{}}],"line":57}},"s":{"0":2,"1":2,"2":2,"3":2,"4":0,"5":0,"6":0,"7":0,"8":0,"9":0,"10":0,"11":5,"12":5,"13":5,"14":1,"15":4,"16":1,"17":3,"18":3,"19":1,"20":2,"21":2,"22":1,"23":1,"24":1,"25":1,"26":1,"27":4},"f":{"0":0,"1":5},"b":{"0":[1,4],"1":[1,3],"2":[1,2],"3":[1,1]},"_coverageSchema":"1a1c01bbd47fc00a2c39e90264f33305004495a9","hash":"979e70eef7b665d289b58c7aaff48d3b26df04bd"}
,"C:\\Users\\neubr\\Documents\\hacktiv8\\phase2\\challanges\\be-news-app\\gc01-neubri\\helpers\\bcrypt.js": {"path":"C:\\Users\\neubr\\Documents\\hacktiv8\\phase2\\challanges\\be-news-app\\gc01-neubri\\helpers\\bcrypt.js","statementMap":{"0":{"start":{"line":1,"column":15},"end":{"line":1,"column":32}},"1":{"start":{"line":3,"column":21},"end":{"line":6,"column":1}},"2":{"start":{"line":4,"column":15},"end":{"line":4,"column":37}},"3":{"start":{"line":5,"column":2},"end":{"line":5,"column":41}},"4":{"start":{"line":8,"column":24},"end":{"line":10,"column":1}},"5":{"start":{"line":9,"column":2},"end":{"line":9,"column":54}},"6":{"start":{"line":12,"column":0},"end":{"line":15,"column":2}}},"fnMap":{"0":{"name":"(anonymous_0)","decl":{"start":{"line":3,"column":21},"end":{"line":3,"column":22}},"loc":{"start":{"line":3,"column":35},"end":{"line":6,"column":1}},"line":3},"1":{"name":"(anonymous_1)","decl":{"start":{"line":8,"column":24},"end":{"line":8,"column":25}},"loc":{"start":{"line":8,"column":54},"end":{"line":10,"column":1}},"line":8}},"branchMap":{},"s":{"0":2,"1":2,"2":4,"3":4,"4":2,"5":2,"6":2},"f":{"0":4,"1":2},"b":{},"_coverageSchema":"1a1c01bbd47fc00a2c39e90264f33305004495a9","hash":"5ff47cacf0755c07c0d6d01ff9ae9e7fb2946d67"}
,"C:\\Users\\neubr\\Documents\\hacktiv8\\phase2\\challanges\\be-news-app\\gc01-neubri\\helpers\\jwt.js": {"path":"C:\\Users\\neubr\\Documents\\hacktiv8\\phase2\\challanges\\be-news-app\\gc01-neubri\\helpers\\jwt.js","statementMap":{"0":{"start":{"line":1,"column":12},"end":{"line":1,"column":35}},"1":{"start":{"line":4,"column":19},"end":{"line":4,"column":41}},"2":{"start":{"line":9,"column":18},"end":{"line":11,"column":1}},"3":{"start":{"line":10,"column":2},"end":{"line":10,"column":34}},"4":{"start":{"line":14,"column":20},"end":{"line":16,"column":1}},"5":{"start":{"line":15,"column":2},"end":{"line":15,"column":38}},"6":{"start":{"line":18,"column":0},"end":{"line":20,"column":1}}},"fnMap":{"0":{"name":"(anonymous_0)","decl":{"start":{"line":9,"column":18},"end":{"line":9,"column":19}},"loc":{"start":{"line":9,"column":27},"end":{"line":11,"column":1}},"line":9},"1":{"name":"(anonymous_1)","decl":{"start":{"line":14,"column":20},"end":{"line":14,"column":21}},"loc":{"start":{"line":14,"column":31},"end":{"line":16,"column":1}},"line":14}},"branchMap":{},"s":{"0":2,"1":2,"2":2,"3":4,"4":2,"5":12,"6":2},"f":{"0":4,"1":12},"b":{},"_coverageSchema":"1a1c01bbd47fc00a2c39e90264f33305004495a9","hash":"2a9998703ef03d5cd1a28eab563d4a7bc93d1ebf"}
,"C:\\Users\\neubr\\Documents\\hacktiv8\\phase2\\challanges\\be-news-app\\gc01-neubri\\middlewares\\authentication.js": {"path":"C:\\Users\\neubr\\Documents\\hacktiv8\\phase2\\challanges\\be-news-app\\gc01-neubri\\middlewares\\authentication.js","statementMap":{"0":{"start":{"line":1,"column":24},"end":{"line":1,"column":49}},"1":{"start":{"line":2,"column":17},"end":{"line":2,"column":37}},"2":{"start":{"line":5,"column":2},"end":{"line":40,"column":3}},"3":{"start":{"line":6,"column":30},"end":{"line":6,"column":41}},"4":{"start":{"line":9,"column":4},"end":{"line":11,"column":5}},"5":{"start":{"line":10,"column":6},"end":{"line":10,"column":61}},"6":{"start":{"line":13,"column":21},"end":{"line":13,"column":45}},"7":{"start":{"line":14,"column":22},"end":{"line":14,"column":33}},"8":{"start":{"line":15,"column":23},"end":{"line":15,"column":34}},"9":{"start":{"line":18,"column":4},"end":{"line":20,"column":5}},"10":{"start":{"line":19,"column":6},"end":{"line":19,"column":61}},"11":{"start":{"line":23,"column":19},"end":{"line":23,"column":42}},"12":{"start":{"line":27,"column":17},"end":{"line":27,"column":47}},"13":{"start":{"line":29,"column":4},"end":{"line":31,"column":5}},"14":{"start":{"line":30,"column":6},"end":{"line":30,"column":61}},"15":{"start":{"line":34,"column":4},"end":{"line":34,"column":19}},"16":{"start":{"line":36,"column":4},"end":{"line":36,"column":10}},"17":{"start":{"line":38,"column":4},"end":{"line":38,"column":21}},"18":{"start":{"line":39,"column":4},"end":{"line":39,"column":13}},"19":{"start":{"line":43,"column":0},"end":{"line":43,"column":31}}},"fnMap":{"0":{"name":"authentication","decl":{"start":{"line":4,"column":15},"end":{"line":4,"column":29}},"loc":{"start":{"line":4,"column":46},"end":{"line":41,"column":1}},"line":4}},"branchMap":{"0":{"loc":{"start":{"line":9,"column":4},"end":{"line":11,"column":5}},"type":"if","locations":[{"start":{"line":9,"column":4},"end":{"line":11,"column":5}},{"start":{},"end":{}}],"line":9},"1":{"loc":{"start":{"line":18,"column":4},"end":{"line":20,"column":5}},"type":"if","locations":[{"start":{"line":18,"column":4},"end":{"line":20,"column":5}},{"start":{},"end":{}}],"line":18},"2":{"loc":{"start":{"line":18,"column":7},"end":{"line":18,"column":44}},"type":"binary-expr","locations":[{"start":{"line":18,"column":7},"end":{"line":18,"column":29}},{"start":{"line":18,"column":33},"end":{"line":18,"column":44}}],"line":18},"3":{"loc":{"start":{"line":29,"column":4},"end":{"line":31,"column":5}},"type":"if","locations":[{"start":{"line":29,"column":4},"end":{"line":31,"column":5}},{"start":{},"end":{}}],"line":29}},"s":{"0":2,"1":2,"2":15,"3":15,"4":15,"5":3,"6":12,"7":12,"8":12,"9":12,"10":0,"11":12,"12":9,"13":9,"14":0,"15":9,"16":9,"17":6,"18":6,"19":2},"f":{"0":15},"b":{"0":[3,12],"1":[0,12],"2":[12,12],"3":[0,9]},"_coverageSchema":"1a1c01bbd47fc00a2c39e90264f33305004495a9","hash":"1129ddb9dbf090e7391514bfc994319e44bb0de5"}
,"C:\\Users\\neubr\\Documents\\hacktiv8\\phase2\\challanges\\be-news-app\\gc01-neubri\\middlewares\\authorization.js": {"path":"C:\\Users\\neubr\\Documents\\hacktiv8\\phase2\\challanges\\be-news-app\\gc01-neubri\\middlewares\\authorization.js","statementMap":{"0":{"start":{"line":1,"column":20},"end":{"line":1,"column":40}},"1":{"start":{"line":4,"column":2},"end":{"line":12,"column":3}},"2":{"start":{"line":5,"column":4},"end":{"line":7,"column":5}},"3":{"start":{"line":6,"column":6},"end":{"line":6,"column":68}},"4":{"start":{"line":9,"column":4},"end":{"line":9,"column":10}},"5":{"start":{"line":11,"column":4},"end":{"line":11,"column":14}},"6":{"start":{"line":16,"column":2},"end":{"line":40,"column":3}},"7":{"start":{"line":17,"column":4},"end":{"line":19,"column":5}},"8":{"start":{"line":18,"column":6},"end":{"line":18,"column":19}},"9":{"start":{"line":22,"column":22},"end":{"line":22,"column":36}},"10":{"start":{"line":24,"column":19},"end":{"line":24,"column":30}},"11":{"start":{"line":25,"column":20},"end":{"line":25,"column":53}},"12":{"start":{"line":27,"column":4},"end":{"line":29,"column":5}},"13":{"start":{"line":28,"column":6},"end":{"line":28,"column":85}},"14":{"start":{"line":31,"column":4},"end":{"line":33,"column":5}},"15":{"start":{"line":32,"column":6},"end":{"line":32,"column":68}},"16":{"start":{"line":35,"column":4},"end":{"line":35,"column":10}},"17":{"start":{"line":37,"column":4},"end":{"line":37,"column":20}},"18":{"start":{"line":39,"column":4},"end":{"line":39,"column":13}},"19":{"start":{"line":43,"column":0},"end":{"line":46,"column":1}}},"fnMap":{"0":{"name":"isAdmin","decl":{"start":{"line":3,"column":9},"end":{"line":3,"column":16}},"loc":{"start":{"line":3,"column":33},"end":{"line":13,"column":1}},"line":3},"1":{"name":"isAdminOrStaff","decl":{"start":{"line":15,"column":15},"end":{"line":15,"column":29}},"loc":{"start":{"line":15,"column":46},"end":{"line":41,"column":1}},"line":15}},"branchMap":{"0":{"loc":{"start":{"line":5,"column":4},"end":{"line":7,"column":5}},"type":"if","locations":[{"start":{"line":5,"column":4},"end":{"line":7,"column":5}},{"start":{},"end":{}}],"line":5},"1":{"loc":{"start":{"line":17,"column":4},"end":{"line":19,"column":5}},"type":"if","locations":[{"start":{"line":17,"column":4},"end":{"line":19,"column":5}},{"start":{},"end":{}}],"line":17},"2":{"loc":{"start":{"line":27,"column":4},"end":{"line":29,"column":5}},"type":"if","locations":[{"start":{"line":27,"column":4},"end":{"line":29,"column":5}},{"start":{},"end":{}}],"line":27},"3":{"loc":{"start":{"line":31,"column":4},"end":{"line":33,"column":5}},"type":"if","locations":[{"start":{"line":31,"column":4},"end":{"line":33,"column":5}},{"start":{},"end":{}}],"line":31}},"s":{"0":2,"1":0,"2":0,"3":0,"4":0,"5":0,"6":7,"7":7,"8":5,"9":2,"10":2,"11":2,"12":2,"13":0,"14":2,"15":2,"16":0,"17":2,"18":2,"19":2},"f":{"0":0,"1":7},"b":{"0":[0,0],"1":[5,2],"2":[0,2],"3":[2,0]},"_coverageSchema":"1a1c01bbd47fc00a2c39e90264f33305004495a9","hash":"6616dd5734aa81bfb13fc33ecef289d4f462e606"}
,"C:\\Users\\neubr\\Documents\\hacktiv8\\phase2\\challanges\\be-news-app\\gc01-neubri\\middlewares\\errorHandler.js": {"path":"C:\\Users\\neubr\\Documents\\hacktiv8\\phase2\\challanges\\be-news-app\\gc01-neubri\\middlewares\\errorHandler.js","statementMap":{"0":{"start":{"line":5,"column":2},"end":{"line":29,"column":3}},"1":{"start":{"line":8,"column":6},"end":{"line":8,"column":63}},"2":{"start":{"line":9,"column":6},"end":{"line":9,"column":12}},"3":{"start":{"line":11,"column":6},"end":{"line":11,"column":53}},"4":{"start":{"line":12,"column":6},"end":{"line":12,"column":12}},"5":{"start":{"line":14,"column":6},"end":{"line":14,"column":53}},"6":{"start":{"line":15,"column":6},"end":{"line":15,"column":12}},"7":{"start":{"line":17,"column":6},"end":{"line":17,"column":57}},"8":{"start":{"line":18,"column":6},"end":{"line":18,"column":12}},"9":{"start":{"line":20,"column":6},"end":{"line":20,"column":52}},"10":{"start":{"line":21,"column":6},"end":{"line":21,"column":12}},"11":{"start":{"line":23,"column":6},"end":{"line":23,"column":53}},"12":{"start":{"line":24,"column":6},"end":{"line":24,"column":12}},"13":{"start":{"line":27,"column":6},"end":{"line":27,"column":65}},"14":{"start":{"line":28,"column":6},"end":{"line":28,"column":12}},"15":{"start":{"line":32,"column":0},"end":{"line":32,"column":29}}},"fnMap":{"0":{"name":"errorHandler","decl":{"start":{"line":1,"column":9},"end":{"line":1,"column":21}},"loc":{"start":{"line":1,"column":42},"end":{"line":30,"column":1}},"line":1}},"branchMap":{"0":{"loc":{"start":{"line":5,"column":2},"end":{"line":29,"column":3}},"type":"switch","locations":[{"start":{"line":6,"column":4},"end":{"line":6,"column":36}},{"start":{"line":7,"column":4},"end":{"line":9,"column":12}},{"start":{"line":10,"column":4},"end":{"line":12,"column":12}},{"start":{"line":13,"column":4},"end":{"line":15,"column":12}},{"start":{"line":16,"column":4},"end":{"line":18,"column":12}},{"start":{"line":19,"column":4},"end":{"line":21,"column":12}},{"start":{"line":22,"column":4},"end":{"line":24,"column":12}},{"start":{"line":26,"column":4},"end":{"line":28,"column":12}}],"line":5}},"s":{"0":17,"1":2,"2":2,"3":2,"4":2,"5":5,"6":5,"7":3,"8":3,"9":3,"10":3,"11":2,"12":2,"13":0,"14":0,"15":2},"f":{"0":17},"b":{"0":[2,2,2,5,3,3,2,0]},"_coverageSchema":"1a1c01bbd47fc00a2c39e90264f33305004495a9","hash":"6df26c47575d7828716e6e3e28adaa802a243d47"}
,"C:\\Users\\neubr\\Documents\\hacktiv8\\phase2\\challanges\\be-news-app\\gc01-neubri\\models\\article.js": {"path":"C:\\Users\\neubr\\Documents\\hacktiv8\\phase2\\challanges\\be-news-app\\gc01-neubri\\models\\article.js","statementMap":{"0":{"start":{"line":4,"column":4},"end":{"line":4,"column":24}},"1":{"start":{"line":5,"column":0},"end":{"line":74,"column":2}},"2":{"start":{"line":14,"column":6},"end":{"line":14,"column":63}},"3":{"start":{"line":15,"column":6},"end":{"line":15,"column":69}},"4":{"start":{"line":19,"column":2},"end":{"line":72,"column":5}},"5":{"start":{"line":73,"column":2},"end":{"line":73,"column":17}}},"fnMap":{"0":{"name":"(anonymous_0)","decl":{"start":{"line":5,"column":17},"end":{"line":5,"column":18}},"loc":{"start":{"line":5,"column":43},"end":{"line":74,"column":1}},"line":5},"1":{"name":"(anonymous_1)","decl":{"start":{"line":12,"column":4},"end":{"line":12,"column":5}},"loc":{"start":{"line":12,"column":29},"end":{"line":16,"column":5}},"line":12}},"branchMap":{},"s":{"0":2,"1":2,"2":2,"3":2,"4":2,"5":2},"f":{"0":2,"1":2},"b":{},"_coverageSchema":"1a1c01bbd47fc00a2c39e90264f33305004495a9","hash":"84a2534fb240aed283ae419349133b2abd0d81b4"}
,"C:\\Users\\neubr\\Documents\\hacktiv8\\phase2\\challanges\\be-news-app\\gc01-neubri\\models\\category.js": {"path":"C:\\Users\\neubr\\Documents\\hacktiv8\\phase2\\challanges\\be-news-app\\gc01-neubri\\models\\category.js","statementMap":{"0":{"start":{"line":4,"column":4},"end":{"line":4,"column":24}},"1":{"start":{"line":5,"column":0},"end":{"line":36,"column":2}},"2":{"start":{"line":14,"column":6},"end":{"line":14,"column":67}},"3":{"start":{"line":18,"column":2},"end":{"line":34,"column":5}},"4":{"start":{"line":35,"column":2},"end":{"line":35,"column":18}}},"fnMap":{"0":{"name":"(anonymous_0)","decl":{"start":{"line":5,"column":17},"end":{"line":5,"column":18}},"loc":{"start":{"line":5,"column":43},"end":{"line":36,"column":1}},"line":5},"1":{"name":"(anonymous_1)","decl":{"start":{"line":12,"column":4},"end":{"line":12,"column":5}},"loc":{"start":{"line":12,"column":29},"end":{"line":15,"column":5}},"line":12}},"branchMap":{},"s":{"0":2,"1":2,"2":2,"3":2,"4":2},"f":{"0":2,"1":2},"b":{},"_coverageSchema":"1a1c01bbd47fc00a2c39e90264f33305004495a9","hash":"bed9fb5f5de9553e1088eaff1384ea40cc944f73"}
,"C:\\Users\\neubr\\Documents\\hacktiv8\\phase2\\challanges\\be-news-app\\gc01-neubri\\models\\index.js": {"path":"C:\\Users\\neubr\\Documents\\hacktiv8\\phase2\\challanges\\be-news-app\\gc01-neubri\\models\\index.js","statementMap":{"0":{"start":{"line":3,"column":11},"end":{"line":3,"column":24}},"1":{"start":{"line":4,"column":13},"end":{"line":4,"column":28}},"2":{"start":{"line":5,"column":18},"end":{"line":5,"column":38}},"3":{"start":{"line":6,"column":16},"end":{"line":6,"column":34}},"4":{"start":{"line":7,"column":17},"end":{"line":7,"column":42}},"5":{"start":{"line":8,"column":12},"end":{"line":8,"column":49}},"6":{"start":{"line":9,"column":15},"end":{"line":9,"column":65}},"7":{"start":{"line":10,"column":11},"end":{"line":10,"column":13}},"8":{"start":{"line":13,"column":0},"end":{"line":17,"column":1}},"9":{"start":{"line":14,"column":2},"end":{"line":14,"column":74}},"10":{"start":{"line":16,"column":2},"end":{"line":16,"column":87}},"11":{"start":{"line":19,"column":0},"end":{"line":32,"column":5}},"12":{"start":{"line":22,"column":4},"end":{"line":27,"column":6}},"13":{"start":{"line":30,"column":18},"end":{"line":30,"column":85}},"14":{"start":{"line":31,"column":4},"end":{"line":31,"column":27}},"15":{"start":{"line":34,"column":0},"end":{"line":38,"column":3}},"16":{"start":{"line":35,"column":2},"end":{"line":37,"column":3}},"17":{"start":{"line":36,"column":4},"end":{"line":36,"column":32}},"18":{"start":{"line":40,"column":0},"end":{"line":40,"column":25}},"19":{"start":{"line":41,"column":0},"end":{"line":41,"column":25}},"20":{"start":{"line":43,"column":0},"end":{"line":43,"column":20}}},"fnMap":{"0":{"name":"(anonymous_0)","decl":{"start":{"line":21,"column":10},"end":{"line":21,"column":11}},"loc":{"start":{"line":21,"column":18},"end":{"line":28,"column":3}},"line":21},"1":{"name":"(anonymous_1)","decl":{"start":{"line":29,"column":11},"end":{"line":29,"column":12}},"loc":{"start":{"line":29,"column":19},"end":{"line":32,"column":3}},"line":29},"2":{"name":"(anonymous_2)","decl":{"start":{"line":34,"column":24},"end":{"line":34,"column":25}},"loc":{"start":{"line":34,"column":37},"end":{"line":38,"column":1}},"line":34}},"branchMap":{"0":{"loc":{"start":{"line":8,"column":12},"end":{"line":8,"column":49}},"type":"binary-expr","locations":[{"start":{"line":8,"column":12},"end":{"line":8,"column":32}},{"start":{"line":8,"column":36},"end":{"line":8,"column":49}}],"line":8},"1":{"loc":{"start":{"line":13,"column":0},"end":{"line":17,"column":1}},"type":"if","locations":[{"start":{"line":13,"column":0},"end":{"line":17,"column":1}},{"start":{"line":15,"column":7},"end":{"line":17,"column":1}}],"line":13},"2":{"loc":{"start":{"line":23,"column":6},"end":{"line":26,"column":37}},"type":"binary-expr","locations":[{"start":{"line":23,"column":6},"end":{"line":23,"column":29}},{"start":{"line":24,"column":6},"end":{"line":24,"column":23}},{"start":{"line":25,"column":6},"end":{"line":25,"column":30}},{"start":{"line":26,"column":6},"end":{"line":26,"column":37}}],"line":23},"3":{"loc":{"start":{"line":35,"column":2},"end":{"line":37,"column":3}},"type":"if","locations":[{"start":{"line":35,"column":2},"end":{"line":37,"column":3}},{"start":{},"end":{}}],"line":35}},"s":{"0":2,"1":2,"2":2,"3":2,"4":2,"5":2,"6":2,"7":2,"8":2,"9":0,"10":2,"11":2,"12":8,"13":6,"14":6,"15":2,"16":6,"17":6,"18":2,"19":2,"20":2},"f":{"0":8,"1":6,"2":6},"b":{"0":[2,0],"1":[0,2],"2":[8,8,6,6],"3":[6,0]},"_coverageSchema":"1a1c01bbd47fc00a2c39e90264f33305004495a9","hash":"173afd5fbfa62dca492caa6ee3aec8fce2151c20"}
,"C:\\Users\\neubr\\Documents\\hacktiv8\\phase2\\challanges\\be-news-app\\gc01-neubri\\models\\user.js": {"path":"C:\\Users\\neubr\\Documents\\hacktiv8\\phase2\\challanges\\be-news-app\\gc01-neubri\\models\\user.js","statementMap":{"0":{"start":{"line":4,"column":4},"end":{"line":4,"column":24}},"1":{"start":{"line":5,"column":25},"end":{"line":5,"column":53}},"2":{"start":{"line":6,"column":0},"end":{"line":68,"column":2}},"3":{"start":{"line":15,"column":6},"end":{"line":15,"column":61}},"4":{"start":{"line":18,"column":2},"end":{"line":63,"column":5}},"5":{"start":{"line":64,"column":2},"end":{"line":66,"column":4}},"6":{"start":{"line":65,"column":4},"end":{"line":65,"column":47}},"7":{"start":{"line":67,"column":2},"end":{"line":67,"column":14}}},"fnMap":{"0":{"name":"(anonymous_0)","decl":{"start":{"line":6,"column":17},"end":{"line":6,"column":18}},"loc":{"start":{"line":6,"column":43},"end":{"line":68,"column":1}},"line":6},"1":{"name":"(anonymous_1)","decl":{"start":{"line":13,"column":4},"end":{"line":13,"column":5}},"loc":{"start":{"line":13,"column":29},"end":{"line":16,"column":5}},"line":13},"2":{"name":"(anonymous_2)","decl":{"start":{"line":64,"column":20},"end":{"line":64,"column":21}},"loc":{"start":{"line":64,"column":30},"end":{"line":66,"column":3}},"line":64}},"branchMap":{},"s":{"0":2,"1":2,"2":2,"3":2,"4":2,"5":2,"6":0,"7":2},"f":{"0":2,"1":2,"2":0},"b":{},"_coverageSchema":"1a1c01bbd47fc00a2c39e90264f33305004495a9","hash":"0b4bf9ac48740b09cf3a36701cb8013fdc930cd3"}
}
