TN:
SF:app.js
FNF:0
FNH:0
DA:1,2
DA:2,2
DA:5,2
DA:6,2
DA:7,2
DA:9,2
DA:10,2
DA:11,2
DA:12,2
DA:13,2
DA:14,2
DA:15,2
DA:16,2
DA:18,2
DA:19,2
DA:21,2
DA:22,2
DA:23,2
DA:25,2
DA:30,2
DA:31,2
DA:34,2
DA:35,2
DA:36,2
DA:40,2
DA:44,2
DA:45,2
DA:46,2
DA:47,2
DA:48,2
DA:56,2
DA:64,2
DA:65,2
DA:66,2
DA:69,2
DA:70,2
DA:71,2
DA:73,2
DA:74,2
DA:75,2
DA:78,2
DA:80,2
LF:42
LH:42
BRDA:1,0,0,2
BRDA:1,0,1,0
BRF:2
BRH:1
end_of_record
TN:
SF:controllers\ArticleController.js
FN:7,(anonymous_0)
FN:27,(anonymous_1)
FN:84,(anonymous_2)
FN:100,(anonymous_3)
FN:120,(anonymous_4)
FN:138,(anonymous_5)
FN:153,(anonymous_6)
FN:154,(anonymous_7)
FNF:8
FNH:3
FNDA:2,(anonymous_0)
FNDA:0,(anonymous_1)
FNDA:0,(anonymous_2)
FNDA:3,(anonymous_3)
FNDA:2,(anonymous_4)
FNDA:0,(anonymous_5)
FNDA:0,(anonymous_6)
FNDA:0,(anonymous_7)
DA:1,2
DA:2,2
DA:3,2
DA:6,2
DA:8,2
DA:9,2
DA:10,2
DA:13,2
DA:21,1
DA:23,1
DA:28,0
DA:29,0
DA:30,0
DA:32,0
DA:35,0
DA:36,0
DA:40,0
DA:41,0
DA:46,0
DA:49,0
DA:50,0
DA:51,0
DA:52,0
DA:56,0
DA:57,0
DA:60,0
DA:61,0
DA:63,0
DA:65,0
DA:66,0
DA:68,0
DA:70,0
DA:72,0
DA:80,0
DA:85,0
DA:86,0
DA:88,0
DA:90,0
DA:91,0
DA:94,0
DA:96,0
DA:101,3
DA:102,3
DA:104,3
DA:106,3
DA:107,1
DA:111,2
DA:113,1
DA:116,2
DA:121,2
DA:122,2
DA:124,2
DA:126,2
DA:127,1
DA:130,1
DA:132,1
DA:134,1
DA:139,0
DA:140,0
DA:142,0
DA:144,0
DA:145,0
DA:148,0
DA:149,0
DA:153,0
DA:154,0
DA:158,0
DA:164,0
DA:169,0
DA:171,0
DA:175,0
LF:71
LH:26
BRDA:35,0,0,0
BRDA:35,0,1,0
BRDA:40,1,0,0
BRDA:40,1,1,0
BRDA:49,2,0,0
BRDA:49,2,1,0
BRDA:50,3,0,0
BRDA:50,3,1,0
BRDA:51,4,0,0
BRDA:51,4,1,0
BRDA:60,5,0,0
BRDA:60,5,1,0
BRDA:65,6,0,0
BRDA:65,6,1,0
BRDA:90,7,0,0
BRDA:90,7,1,0
BRDA:106,8,0,1
BRDA:106,8,1,2
BRDA:126,9,0,1
BRDA:126,9,1,1
BRDA:144,10,0,0
BRDA:144,10,1,0
BRDA:148,11,0,0
BRDA:148,11,1,0
BRF:24
BRH:4
end_of_record
TN:
SF:controllers\CategoryController.js
FN:4,(anonymous_0)
FN:15,(anonymous_1)
FN:25,(anonymous_2)
FNF:3
FNH:0
FNDA:0,(anonymous_0)
FNDA:0,(anonymous_1)
FNDA:0,(anonymous_2)
DA:1,2
DA:3,2
DA:5,0
DA:6,0
DA:8,0
DA:10,0
DA:16,0
DA:17,0
DA:19,0
DA:21,0
DA:26,0
DA:27,0
DA:29,0
DA:31,0
DA:32,0
DA:35,0
DA:37,0
DA:39,0
LF:18
LH:2
BRDA:31,0,0,0
BRDA:31,0,1,0
BRF:2
BRH:0
end_of_record
TN:
SF:controllers\PubController.js
FN:6,(anonymous_0)
FN:120,(anonymous_1)
FN:130,(anonymous_2)
FNF:3
FNH:2
FNDA:3,(anonymous_0)
FNDA:0,(anonymous_1)
FNDA:2,(anonymous_2)
DA:1,2
DA:2,2
DA:4,2
DA:7,3
DA:8,3
DA:9,3
DA:11,3
DA:14,3
DA:15,1
DA:19,3
DA:20,0
DA:25,3
DA:30,3
DA:31,0
DA:32,0
DA:33,0
DA:37,3
DA:38,3
DA:41,3
DA:42,1
DA:44,3
DA:46,3
DA:47,1
DA:49,3
DA:51,3
DA:53,3
DA:116,0
DA:121,0
DA:122,0
DA:124,0
DA:126,0
DA:131,2
DA:132,2
DA:134,2
DA:136,2
DA:137,1
DA:143,1
DA:145,1
LF:38
LH:29
BRDA:14,0,0,1
BRDA:14,0,1,2
BRDA:19,1,0,0
BRDA:19,1,1,3
BRDA:30,2,0,0
BRDA:30,2,1,3
BRDA:31,3,0,0
BRDA:31,3,1,0
BRDA:32,4,0,0
BRDA:32,4,1,0
BRDA:41,5,0,1
BRDA:41,5,1,2
BRDA:46,6,0,1
BRDA:46,6,1,2
BRDA:136,7,0,1
BRDA:136,7,1,1
BRF:16
BRH:10
end_of_record
TN:
SF:controllers\TestController.js
FN:2,(anonymous_0)
FNF:1
FNH:0
FNDA:0,(anonymous_0)
DA:1,2
DA:3,0
LF:2
LH:1
BRF:0
BRH:0
end_of_record
TN:
SF:controllers\UserController.js
FN:6,(anonymous_0)
FN:31,(anonymous_1)
FNF:2
FNH:1
FNDA:0,(anonymous_0)
FNDA:5,(anonymous_1)
DA:1,2
DA:2,2
DA:3,2
DA:5,2
DA:7,0
DA:9,0
DA:12,0
DA:20,0
DA:21,0
DA:24,0
DA:27,0
DA:32,5
DA:34,5
DA:37,5
DA:38,1
DA:40,4
DA:41,1
DA:45,3
DA:51,3
DA:52,1
DA:55,2
DA:57,2
DA:58,1
DA:61,1
DA:64,1
DA:65,1
DA:67,1
DA:70,4
LF:28
LH:21
BRDA:37,0,0,1
BRDA:37,0,1,4
BRDA:40,1,0,1
BRDA:40,1,1,3
BRDA:51,2,0,1
BRDA:51,2,1,2
BRDA:57,3,0,1
BRDA:57,3,1,1
BRF:8
BRH:8
end_of_record
TN:
SF:helpers\bcrypt.js
FN:3,(anonymous_0)
FN:8,(anonymous_1)
FNF:2
FNH:2
FNDA:4,(anonymous_0)
FNDA:2,(anonymous_1)
DA:1,2
DA:3,2
DA:4,4
DA:5,4
DA:8,2
DA:9,2
DA:12,2
LF:7
LH:7
BRF:0
BRH:0
end_of_record
TN:
SF:helpers\jwt.js
FN:9,(anonymous_0)
FN:14,(anonymous_1)
FNF:2
FNH:2
FNDA:4,(anonymous_0)
FNDA:12,(anonymous_1)
DA:1,2
DA:4,2
DA:9,2
DA:10,4
DA:14,2
DA:15,12
DA:18,2
LF:7
LH:7
BRF:0
BRH:0
end_of_record
TN:
SF:middlewares\authentication.js
FN:4,authentication
FNF:1
FNH:1
FNDA:15,authentication
DA:1,2
DA:2,2
DA:5,15
DA:6,15
DA:9,15
DA:10,3
DA:13,12
DA:14,12
DA:15,12
DA:18,12
DA:19,0
DA:23,12
DA:27,9
DA:29,9
DA:30,0
DA:34,9
DA:36,9
DA:38,6
DA:39,6
DA:43,2
LF:20
LH:18
BRDA:9,0,0,3
BRDA:9,0,1,12
BRDA:18,1,0,0
BRDA:18,1,1,12
BRDA:18,2,0,12
BRDA:18,2,1,12
BRDA:29,3,0,0
BRDA:29,3,1,9
BRF:8
BRH:6
end_of_record
TN:
SF:middlewares\authorization.js
FN:3,isAdmin
FN:15,isAdminOrStaff
FNF:2
FNH:1
FNDA:0,isAdmin
FNDA:7,isAdminOrStaff
DA:1,2
DA:4,0
DA:5,0
DA:6,0
DA:9,0
DA:11,0
DA:16,7
DA:17,7
DA:18,5
DA:22,2
DA:24,2
DA:25,2
DA:27,2
DA:28,0
DA:31,2
DA:32,2
DA:35,0
DA:37,2
DA:39,2
DA:43,2
LF:20
LH:13
BRDA:5,0,0,0
BRDA:5,0,1,0
BRDA:17,1,0,5
BRDA:17,1,1,2
BRDA:27,2,0,0
BRDA:27,2,1,2
BRDA:31,3,0,2
BRDA:31,3,1,0
BRF:8
BRH:4
end_of_record
TN:
SF:middlewares\errorHandler.js
FN:1,errorHandler
FNF:1
FNH:1
FNDA:17,errorHandler
DA:5,17
DA:8,2
DA:9,2
DA:11,2
DA:12,2
DA:14,5
DA:15,5
DA:17,3
DA:18,3
DA:20,3
DA:21,3
DA:23,2
DA:24,2
DA:27,0
DA:28,0
DA:32,2
LF:16
LH:14
BRDA:5,0,0,2
BRDA:5,0,1,2
BRDA:5,0,2,2
BRDA:5,0,3,5
BRDA:5,0,4,3
BRDA:5,0,5,3
BRDA:5,0,6,2
BRDA:5,0,7,0
BRF:8
BRH:7
end_of_record
TN:
SF:models\article.js
FN:5,(anonymous_0)
FN:12,(anonymous_1)
FNF:2
FNH:2
FNDA:2,(anonymous_0)
FNDA:2,(anonymous_1)
DA:4,2
DA:5,2
DA:14,2
DA:15,2
DA:19,2
DA:73,2
LF:6
LH:6
BRF:0
BRH:0
end_of_record
TN:
SF:models\category.js
FN:5,(anonymous_0)
FN:12,(anonymous_1)
FNF:2
FNH:2
FNDA:2,(anonymous_0)
FNDA:2,(anonymous_1)
DA:4,2
DA:5,2
DA:14,2
DA:18,2
DA:35,2
LF:5
LH:5
BRF:0
BRH:0
end_of_record
TN:
SF:models\index.js
FN:21,(anonymous_0)
FN:29,(anonymous_1)
FN:34,(anonymous_2)
FNF:3
FNH:3
FNDA:8,(anonymous_0)
FNDA:6,(anonymous_1)
FNDA:6,(anonymous_2)
DA:3,2
DA:4,2
DA:5,2
DA:6,2
DA:7,2
DA:8,2
DA:9,2
DA:10,2
DA:13,2
DA:14,0
DA:16,2
DA:19,2
DA:22,8
DA:30,6
DA:31,6
DA:34,2
DA:35,6
DA:36,6
DA:40,2
DA:41,2
DA:43,2
LF:21
LH:20
BRDA:8,0,0,2
BRDA:8,0,1,0
BRDA:13,1,0,0
BRDA:13,1,1,2
BRDA:23,2,0,8
BRDA:23,2,1,8
BRDA:23,2,2,6
BRDA:23,2,3,6
BRDA:35,3,0,6
BRDA:35,3,1,0
BRF:10
BRH:7
end_of_record
TN:
SF:models\user.js
FN:6,(anonymous_0)
FN:13,(anonymous_1)
FN:64,(anonymous_2)
FNF:3
FNH:2
FNDA:2,(anonymous_0)
FNDA:2,(anonymous_1)
FNDA:0,(anonymous_2)
DA:4,2
DA:5,2
DA:6,2
DA:15,2
DA:18,2
DA:64,2
DA:65,0
DA:67,2
LF:8
LH:7
BRF:0
BRH:0
end_of_record
